<?xml version="1.0" encoding="UTF-8"?>
<testng-results skipped="0" failed="0" total="1" passed="1">
  <reporter-output>
  </reporter-output>
  <suite name="Default suite" duration-ms="101828" started-at="2015-04-30T16:29:06Z" finished-at="2015-04-30T16:30:48Z">
    <groups>
    </groups>
    <test name="Default test" duration-ms="101828" started-at="2015-04-30T16:29:06Z" finished-at="2015-04-30T16:30:48Z">
      <class name="com.sample.test.Signin">
        <test-method status="PASS" signature="Setup()[pri:0, instance:com.sample.test.Signin@18ef96]" name="Setup" is-config="true" duration-ms="34649" started-at="2015-04-30T21:59:06Z" finished-at="2015-04-30T21:59:41Z">
          <reporter-output>
          </reporter-output>
        </test-method> <!-- Setup -->
        <test-method status="PASS" signature="AddtoCart()[pri:0, instance:com.sample.test.Signin@18ef96]" name="AddtoCart" duration-ms="67131" started-at="2015-04-30T21:59:41Z" finished-at="2015-04-30T22:00:48Z">
          <reporter-output>
          </reporter-output>
        </test-method> <!-- AddtoCart -->
      </class> <!-- com.sample.test.Signin -->
    </test> <!-- Default test -->
  </suite> <!-- Default suite -->
</testng-results>
